<?xml version="1.0" encoding="UTF-8"?>
<testsuite name="com.chat.poc.presentation.controller.AdminAssignmentControllerTest" tests="2" skipped="0" failures="0" errors="0" timestamp="2026-01-09T09:08:39" hostname="johnui-MacBookPro.local" time="0.184">
  <properties/>
  <testcase name="getUnassignedChatRooms should return 200()" classname="com.chat.poc.presentation.controller.AdminAssignmentControllerTest" time="0.178"/>
  <testcase name="assignChatRoom should return 200()" classname="com.chat.poc.presentation.controller.AdminAssignmentControllerTest" time="0.005"/>
  <system-out><![CDATA[18:08:38.140 [Test worker] INFO org.springframework.test.context.support.AnnotationConfigContextLoaderUtils -- Could not detect default configuration classes for test class [com.chat.poc.presentation.controller.AdminAssignmentControllerTest]: AdminAssignmentControllerTest does not declare any static, non-private, non-final, nested classes annotated with @Configuration.
18:08:38.189 [Test worker] INFO org.springframework.boot.test.context.SpringBootTestContextBootstrapper -- Found @SpringBootConfiguration com.chat.poc.ChatPocApplication for test class com.chat.poc.presentation.controller.AdminAssignmentControllerTest

  .   ____          _            __ _ _
 /\\ / ___'_ __ _ _(_)_ __  __ _ \ \ \ \
( ( )\___ | '_ | '_| | '_ \/ _` | \ \ \ \
 \\/  ___)| |_)| | | | | || (_| |  ) ) ) )
  '  |____| .__|_| |_|_| |_\__, | / / / /
 =========|_|==============|___/=/_/_/_/
 :: Spring Boot ::                (v3.2.1)

2026-01-09T18:08:38.320+09:00  INFO 53749 --- [chat-poc] [    Test worker] c.c.p.p.c.AdminAssignmentControllerTest  : Starting AdminAssignmentControllerTest using Java 17.0.17 with PID 53749 (started by john in /Users/john/projects/chat_poc)
2026-01-09T18:08:38.320+09:00 DEBUG 53749 --- [chat-poc] [    Test worker] c.c.p.p.c.AdminAssignmentControllerTest  : Running with Spring Boot v3.2.1, Spring v6.1.2
2026-01-09T18:08:38.320+09:00  INFO 53749 --- [chat-poc] [    Test worker] c.c.p.p.c.AdminAssignmentControllerTest  : No active profile set, falling back to 1 default profile: "default"
2026-01-09T18:08:39.005+09:00  INFO 53749 --- [chat-poc] [    Test worker] o.s.b.a.w.s.WelcomePageHandlerMapping    : Adding welcome page: class path resource [static/index.html]
2026-01-09T18:08:39.140+09:00  INFO 53749 --- [chat-poc] [    Test worker] o.s.b.t.m.w.SpringBootMockServletContext : Initializing Spring TestDispatcherServlet ''
2026-01-09T18:08:39.141+09:00  INFO 53749 --- [chat-poc] [    Test worker] o.s.t.web.servlet.TestDispatcherServlet  : Initializing Servlet ''
2026-01-09T18:08:39.142+09:00  INFO 53749 --- [chat-poc] [    Test worker] o.s.t.web.servlet.TestDispatcherServlet  : Completed initialization in 0 ms
2026-01-09T18:08:39.153+09:00  INFO 53749 --- [chat-poc] [    Test worker] c.c.p.p.c.AdminAssignmentControllerTest  : Started AdminAssignmentControllerTest in 0.939 seconds (process running for 1.381)
]]></system-out>
  <system-err><![CDATA[]]></system-err>
</testsuite>
